
header:

init:
     [echo] ------------------------------------------------------------
     [echo] Default 'init' target. Executed before every build of a book. Override in build.xml to do something every build. (This default target merely outputs this message.)
     [echo] -----------------------------------------------------------
     [echo] 

jingtask:

validate-module-file:

chmod-key:

module2build:

testsuite:
     [echo] Test suite disabled.

module2build_no-depends:
     [echo] MODULE FILE: target=module2build_no-depends, parent-module-file=C:\workgit\NokiaTraining\docbook_training\target\doctools\DocShared/../../../module.xml
[saxon-xslt] AntTransform.execute() schema-aware=false version 9.1.0.8
[saxon-xslt] Processing C:\workgit\NokiaTraining\docbook_training\module.xml to C:\workgit\NokiaTraining\docbook_training\target\work\build.xml
[saxon-xslt] Loading stylesheet C:\workgit\NokiaTraining\docbook_training\target\doctools\DocShared\xsls\utilities\module2build.xsl

generate-olink-target-dbs_no-depends:
     [echo] MODULE FILE: target=generate-olink-target-dbs_no-depends, parent-module-file=C:\workgit\NokiaTraining\docbook_training\target\doctools\DocShared/../../../module.xml
[saxon-xslt] AntTransform.execute() schema-aware=false version 9.1.0.8
[saxon-xslt] Processing C:\workgit\NokiaTraining\docbook_training\module.xml to C:\workgit\NokiaTraining\docbook_training\target\generate-olinks.xml
[saxon-xslt] Loading stylesheet C:\workgit\NokiaTraining\docbook_training\target\doctools\DocShared\xsls\olink\module2ant.xsl
[saxon-xslt] Failed to transform C:\workgit\NokiaTraining\docbook_training\module.xml
[saxon-xslt] Failed to process C:\workgit\NokiaTraining\docbook_training\module.xml
