%!Adobe-FontList 1.01

%BeginFont
Handler:DirectoryHandler
FontType:CID
FontName:HeiseiKakuGo-W5-Acro
FamilyName:Heisei Kaku Gothic
StyleName:W5
FullName:Heisei Kaku Gothic W5
FamilyNameNative:pSVbN
StyleNameNative:W5
FullNameNative:pSVbN W5
WritingScript:Japanese
OutlineFileName:\HeiseiKakuGo-W5-Acro
DataFormat:sfntData
isCFF:yes
%EndFont

%BeginFont
Handler:DirectoryHandler
FontType:CID
FontName:HeiseiMin-W3-Acro
FamilyName:Heisei Mincho
StyleName:W3
FullName:Heisei Mincho W3
FamilyNameNative:
StyleNameNative:W3
FullNameNative: W3
WritingScript:Japanese
OutlineFileName:\HeiseiMin-W3-Acro
DataFormat:sfntData
isCFF:yes
%EndFont

%BeginFont
Handler:DirectoryHandler
FontType:CID
FontName:HYSMyeongJo-Medium-Acro
FamilyName:Hanyang Shin MyeongJo
StyleName:Medium
FullName:Hanyang Shin MyeongJo Medium
FamilyNameNative:HY
StyleNameNative:Medium
FullNameNative:HY Medium
WritingScript:Korean
OutlineFileName:\HYSMyeongJo-Medium-Acro
DataFormat:sfntData
isCFF:yes
%EndFont

%BeginFont
Handler:DirectoryHandler
FontType:CID
FontName:HYGoThic-Medium-Acro
FamilyName:Hanyang Gothic
StyleName:Medium
FullName:Hanyang Gothic Medium
FamilyNameNative:HY
StyleNameNative:Medium
FullNameNative:HY Medium
WritingScript:Korean
OutlineFileName:\HYGoThic-Medium-Acro
DataFormat:sfntData
isCFF:yes
%EndFont

%BeginFont
Handler:DirectoryHandler
FontType:CID
FontName:MSung-Light-Acro
FamilyName:Monotype Sung
StyleName:Light
FullName:Monotype Sung Light
FamilyNameNative:Ш砰
StyleNameNative:Light
FullNameNative:Ш砰 Light
WritingScript:TraditionalChinese
OutlineFileName:\MSung-Light-Acro
DataFormat:sfntData
isCFF:yes
%EndFont

%BeginFont
Handler:DirectoryHandler
FontType:CID
FontName:MHei-Medium-Acro
FamilyName:Monotype Hei
StyleName:Medium
FullName:Monotype Hei Medium
FamilyNameNative:い堵砰
StyleNameNative:Medium
FullNameNative:い堵砰 Medium
WritingScript:TraditionalChinese
OutlineFileName:\MHei-Medium-Acro
DataFormat:sfntData
isCFF:yes
%EndFont

%BeginFont
Handler:DirectoryHandler
FontType:CID
FontName:STSong-Light-Acro
FamilyName:STSong
StyleName:Light
FullName:STSong Light
FamilyNameNative:华文宋体
StyleNameNative:Light
FullNameNative:华文宋体 Light
WritingScript:SimplifiedChinese
OutlineFileName:\STSong-Light-Acro
DataFormat:sfntData
isCFF:yes
%EndFont

%BeginFont
Handler:DirectoryHandler
FontType:Invalid
OutlineFileName:\AdobeFnt.lst
%EndFont

